<?xml version="1.0" encoding="UTF-8"?>
<!-- Generated by org.testng.reporters.JUnitXMLReporter -->
<testsuite ignored="1" hostname="DESKTOP-0SUFS73" failures="0" tests="2" name="Test" time="0.089" errors="0" timestamp="2023-02-11T18:01:37 IST">
  <testcase classname="test_pkg.TestNG" name="t002" time="0.007"/>
  <testcase classname="test_pkg.TestNG" name="t003" time="0.004"/>
  <testcase classname="test_pkg.TestNG" name="t001" time="0.0">
    <ignored/>
  </testcase> <!-- t001 -->
</testsuite> <!-- Test -->
